111 1 1 111 111 1221
111 2 1 222 111 1332
111 3 1 333 111 1443
111 4 1 444 111 1554
111 5 1 555 111 1665
111 6 1 666 111 1776
111 1 2 111 222 2331
111 2 2 222 222 2442
111 3 2 333 222 2553
111 4 2 444 222 2664
111 5 2 555 222 2775
111 1 3 111 333 3441
111 2 3 222 333 3552
111 3 3 333 333 3663
111 4 3 444 333 3774
111 1 4 111 444 4551
111 2 4 222 444 4662
111 3 4 333 444 4773
111 7 4 777 444 5217
111 1 5 111 555 5661
111 2 5 222 555 5772
111 6 5 666 555 6216
111 7 5 777 555 6327
111 1 6 111 666 6771
111 5 6 555 666 7215
111 6 6 666 666 7326
111 7 6 777 666 7437
112 1 1 112 112 1232
112 2 1 224 112 1344
112 3 1 336 112 1456
112 1 2 112 224 2352
112 2 2 224 224 2464
112 3 2 336 224 2576
112 1 3 112 336 3472
113 1 1 113 113 1243
113 2 1 226 113 1356
113 1 2 113 226 2373
113 4 2 452 226 2712
113 1 4 113 452 4633
113 2 4 226 452 4746
113 1 5 113 565 5763
113 5 5 565 565 6215
114 1 1 114 114 1254
114 1 3 114 342 3534
114 3 3 342 342 3762
114 1 4 114 456 4674
115 1 1 115 115 1265
115 5 1 575 115 1725
115 1 3 115 345 3565
115 5 5 575 575 6325
116 1 1 116 116 1276
116 4 1 464 116 1624
116 1 2 116 232 2436
116 2 2 232 232 2552
116 1 4 116 464 4756
117 3 1 351 117 1521
117 1 2 117 234 2457
117 2 2 234 234 2574
117 1 3 117 351 3627
117 2 3 234 351 3744
121 1 1 121 121 1331
121 2 1 242 121 1452
121 3 1 363 121 1573
121 1 2 121 242 2541
121 2 2 242 242 2662
121 6 2 726 242 3146
121 1 3 121 363 3751
121 6 3 726 363 4356
121 3 6 363 726 7623
122 1 1 122 122 1342
122 2 1 244 122 1464
122 1 2 122 244 2562
122 6 2 732 244 3172
122 1 6 122 732 7442
122 2 6 244 732 7564
123 1 1 123 123 1353
123 2 1 246 123 1476
123 1 5 123 615 6273
123 5 5 615 615 6765
124 1 1 124 124 1364
124 3 1 372 124 1612
124 6 3 744 372 4464
124 1 6 124 744 7564
125 1 1 125 125 1375
125 3 1 375 125 1625
125 3 3 375 375 4125
125 5 3 625 375 4375
125 1 5 125 625 6375
125 3 5 375 625 6625
126 2 1 252 126 1512
126 1 2 126 252 2646
126 2 2 252 252 2772
126 6 2 756 252 3276
127 2 1 254 127 1524
127 1 2 127 254 2667
127 5 2 635 254 3175
127 1 5 127 635 6477
127 6 5 762 635 7112
127 1 6 127 762 7747
131 1 1 131 131 1441
131 2 1 262 131 1572
131 1 2 131 262 2751
131 4 2 524 262 3144
131 5 2 655 262 3275
131 1 4 131 524 5371
131 4 4 524 524 5764
132 1 1 132 132 1452
132 1 2 132 264 2772
133 1 1 133 133 1463
133 5 2 665 266 3325
133 1 4 133 532 5453
133 5 5 665 665 7315
134 1 1 134 134 1474
135 5 5 675 675 7425
136 2 1 272 136 1632
136 4 2 544 272 3264
136 1 4 136 544 5576
136 2 4 272 544 5712
137 2 1 274 137 1644
137 3 2 411 274 3151
137 1 3 137 411 4247
137 3 3 411 411 4521
141 1 1 141 141 1551
141 1 3 141 423 4371
141 3 3 423 423 4653
142 1 1 142 142 1562
143 1 1 143 143 1573
143 5 1 715 143 2145
143 5 4 715 572 6435
143 4 5 572 715 7722
144 1 3 144 432 4464
144 3 3 432 432 4752
144 4 4 576 576 6336
145 5 1 725 145 2175
147 1 1 147 147 1617
147 1 3 147 441 4557
147 5 3 735 441 5145
151 1 1 151 151 1661
151 5 1 755 151 2265
152 1 1 152 152 1672
152 1 3 152 456 4712
153 4 1 612 153 2142
153 1 4 153 612 6273
153 4 4 612 612 6732
154 4 1 616 154 2156
154 1 3 154 462 4774
154 4 3 616 462 5236
154 1 4 154 616 6314
154 3 4 462 616 6622
154 4 4 616 616 6776
155 5 1 775 155 2325
155 3 3 465 465 5115
155 5 3 775 465 5425
156 1 1 156 156 1716
156 1 2 156 312 3276
156 2 2 312 312 3432
156 4 2 624 312 3744
156 2 4 312 624 6552
157 1 1 157 157 1727
157 2 2 314 314 3454
157 3 2 471 314 3611
161 1 1 161 161 1771
161 4 1 644 161 2254
161 2 2 322 322 3542
161 2 4 322 644 6762
162 2 2 324 324 3564
163 1 2 163 326 3423
163 4 4 652 652 7172
164 1 4 164 656 6724
164 4 4 656 656 7216
166 4 1 664 166 2324
166 2 2 332 332 3652
167 2 2 334 334 3674
171 3 1 513 171 2223
171 2 2 342 342 3762
171 2 3 342 513 5472
171 3 3 513 513 5643
172 3 1 516 172 2236
172 1 2 172 344 3612
172 1 3 172 516 5332
172 3 3 516 516 5676
173 1 2 173 346 3633
174 3 1 522 174 2262
174 3 3 522 522 5742
175 3 1 525 175 2275
175 1 3 175 525 5425
175 3 3 525 525 5775
176 2 1 352 176 2112
177 2 1 354 177 2124
177 1 2 177 354 3717
177 2 3 354 531 5664
211 1 1 211 211 2321
211 2 1 422 211 2532
211 3 1 633 211 2743
211 1 2 211 422 4431
211 2 2 422 422 4642
211 1 3 211 633 6541
211 2 3 422 633 6752
212 1 1 212 212 2332
212 2 1 424 212 2544
212 3 1 636 212 2756
212 1 2 212 424 4452
212 2 2 424 424 4664
212 1 3 212 636 6572
213 1 1 213 213 2343
213 2 1 426 213 2556
213 1 2 213 426 4473
214 1 1 214 214 2354
214 1 3 214 642 6634
215 1 1 215 215 2365
215 1 3 215 645 6665
216 1 1 216 216 2376
216 1 2 216 432 4536
216 2 2 432 432 4752
217 1 2 217 434 4557
217 2 2 434 434 4774
217 1 3 217 651 6727
217 3 3 651 651 7161
221 1 1 221 221 2431
221 2 1 442 221 2652
221 1 2 221 442 4641
222 1 1 222 222 2442
222 2 1 444 222 2664
222 1 2 222 444 4662
222 3 3 666 666 7326
223 1 1 223 223 2453
223 2 1 446 223 2676
224 1 1 224 224 2464
225 1 1 225 225 2475
225 3 3 675 675 7425
226 2 1 452 226 2712
226 1 2 226 452 4746
227 2 1 454 227 2724
227 1 2 227 454 4767
231 1 1 231 231 2541
231 2 1 462 231 2772
232 1 1 232 232 2552
233 1 1 233 233 2563
233 2 2 466 466 5126
234 1 1 234 234 2574
237 2 2 474 474 5214
237 3 2 711 474 5451
237 1 3 237 711 7347
241 1 1 241 241 2651
241 3 1 723 241 3133
241 1 3 241 723 7471
242 1 1 242 242 2662
242 3 1 726 242 3146
243 1 1 243 243 2673
244 3 1 732 244 3172
244 1 3 244 732 7564
247 1 1 247 247 2717
247 3 1 741 247 3211
247 1 3 247 741 7657
251 1 1 251 251 2761
251 3 1 753 251 3263
252 1 1 252 252 2772
252 3 1 756 252 3276
255 3 1 765 255 3315
256 1 2 256 512 5376
256 2 2 512 512 5632
257 3 1 771 257 3341
257 2 2 514 514 5654
261 2 1 522 261 3132
261 2 2 522 522 5742
262 2 1 524 262 3144
262 2 2 524 524 5764
263 2 1 526 263 3156
263 1 2 263 526 5523
271 2 1 542 271 3252
272 2 1 544 272 3264
272 1 2 272 544 5712
273 2 1 546 273 3276
273 1 2 273 546 5733
276 2 1 552 276 3312
277 2 1 554 277 3324
311 1 1 311 311 3421
311 2 1 622 311 3732
311 1 2 311 622 6531
312 1 1 312 312 3432
312 2 1 624 312 3744
312 1 2 312 624 6552
313 1 1 313 313 3443
313 2 1 626 313 3756
313 1 2 313 626 6573
314 1 1 314 314 3454
315 1 1 315 315 3465
316 1 1 316 316 3476
316 1 2 316 632 6636
317 1 2 317 634 6657
321 1 1 321 321 3531
321 1 2 321 642 6741
322 1 1 322 322 3542
322 1 2 322 644 6762
323 1 1 323 323 3553
324 1 1 324 324 3564
325 1 1 325 325 3575
326 2 2 652 652 7172
331 1 1 331 331 3641
332 1 1 332 332 3652
333 1 1 333 333 3663
333 2 2 666 666 7326
334 1 1 334 334 3674
337 2 2 674 674 7414
341 1 1 341 341 3751
342 1 1 342 342 3762
343 1 1 343 343 3773
356 2 1 712 356 4272
356 1 2 356 712 7476
361 2 1 722 361 4332
362 2 1 724 362 4344
363 2 1 726 363 4356
363 1 2 363 726 7623
371 2 1 742 371 4452
372 2 1 744 372 4464
373 2 1 746 373 4476
374 1 1 374 374 4114
375 1 1 375 375 4125
376 1 1 376 376 4136
376 2 1 752 376 4512
377 1 1 377 377 4147
377 2 1 754 377 4524
411 1 1 411 411 4521
412 1 1 412 412 4532
413 1 1 413 413 4543
414 1 1 414 414 4554
415 1 1 415 415 4565
416 1 1 416 416 4576
421 1 1 421 421 4631
422 1 1 422 422 4642
423 1 1 423 423 4653
424 1 1 424 424 4664
425 1 1 425 425 4675
431 1 1 431 431 4741
432 1 1 432 432 4752
433 1 1 433 433 4763
434 1 1 434 434 4774
465 1 1 465 465 5115
466 1 1 466 466 5126
467 1 1 467 467 5137
474 1 1 474 474 5214
475 1 1 475 475 5225
476 1 1 476 476 5236
477 1 1 477 477 5247
511 1 1 511 511 5621
512 1 1 512 512 5632
513 1 1 513 513 5643
514 1 1 514 514 5654
515 1 1 515 515 5665
516 1 1 516 516 5676
521 1 1 521 521 5731
522 1 1 522 522 5742
523 1 1 523 523 5753
524 1 1 524 524 5764
525 1 1 525 525 5775
556 1 1 556 556 6116
557 1 1 557 557 6127
561 1 1 561 561 6171
565 1 1 565 565 6215
566 1 1 566 566 6226
567 1 1 567 567 6237
574 1 1 574 574 6314
575 1 1 575 575 6325
576 1 1 576 576 6336
577 1 1 577 577 6347
611 1 1 611 611 6721
612 1 1 612 612 6732
613 1 1 613 613 6743
614 1 1 614 614 6754
615 1 1 615 615 6765
616 1 1 616 616 6776
647 1 1 647 647 7117
651 1 1 651 651 7161
652 1 1 652 652 7172
656 1 1 656 656 7216
657 1 1 657 657 7227
661 1 1 661 661 7271
665 1 1 665 665 7315
666 1 1 666 666 7326
667 1 1 667 667 7337
674 1 1 674 674 7414
675 1 1 675 675 7425
676 1 1 676 676 7436
677 1 1 677 677 7447
